<?xml version="1.0" encoding="UTF-8"?>
<testsuite name="com.example.project.TipCalculatorTest" tests="3" skipped="0" failures="0" errors="0" timestamp="2024-09-26T15:35:14" hostname="codespaces-05c9f0" time="0.066">
  <properties/>
  <testcase name="testCalculateTip2()" classname="com.example.project.TipCalculatorTest" time="0.053"/>
  <testcase name="testCalculateTip3()" classname="com.example.project.TipCalculatorTest" time="0.003"/>
  <testcase name="testCalculateTip()" classname="com.example.project.TipCalculatorTest" time="0.004"/>
  <system-out><![CDATA[]]></system-out>
  <system-err><![CDATA[]]></system-err>
</testsuite>
